<?xml version="1.0" encoding="UTF-8"?>
<!-- Generated by org.testng.reporters.JUnitXMLReporter -->
<testsuite hostname="INEXA-PC-DEV9" failures="2" tests="7" name="Surefire test" time="0.36" errors="0" timestamp="4 Jan 2021 15:05:08 GMT">
  <testcase classname="com.mycompany.deviceconvertor.CurrencyConvertorTest" name="testDisplayFormulasList on testDisplayFormulasList(com.mycompany.deviceconvertor.CurrencyConvertorTest)" time="0.002"/>
  <testcase classname="com.mycompany.deviceconvertor.CurrencyConvertorTest" name="testDisplayFormulasMenu on testDisplayFormulasMenu(com.mycompany.deviceconvertor.CurrencyConvertorTest)" time="0.0"/>
  <testcase classname="com.mycompany.deviceconvertor.CurrencyConvertorTest" name="testSaveFormula on testSaveFormula(com.mycompany.deviceconvertor.CurrencyConvertorTest)" time="0.292"/>
  <testcase classname="com.mycompany.deviceconvertor.CurrencyConvertorTest" name="testPerformConversion on testPerformConversion(com.mycompany.deviceconvertor.CurrencyConvertorTest)" time="0.002"/>
  <testcase classname="com.mycompany.deviceconvertor.CurrencyConvertorTest" name="testGetElementByIndex on testGetElementByIndex(com.mycompany.deviceconvertor.CurrencyConvertorTest)" time="0.002">
    <failure type="java.io.IOException" message="Cette formule n&amp;apos;existe pas">
      <![CDATA[java.io.IOException: Cette formule n'existe pas
	at com.mycompany.deviceconvertor.CurrencyConvertorTest.testGetElementByIndex(CurrencyConvertorTest.java:135)
	at org.junit.runners.model.FrameworkMethod$1.runReflectiveCall(FrameworkMethod.java:50)
	at org.junit.internal.runners.model.ReflectiveCallable.run(ReflectiveCallable.java:12)
	at org.junit.runners.model.FrameworkMethod.invokeExplosively(FrameworkMethod.java:47)
	at org.junit.internal.runners.statements.InvokeMethod.evaluate(InvokeMethod.java:17)
	at org.junit.runners.ParentRunner.runLeaf(ParentRunner.java:325)
	at org.junit.runners.BlockJUnit4ClassRunner.runChild(BlockJUnit4ClassRunner.java:78)
	at org.junit.runners.BlockJUnit4ClassRunner.runChild(BlockJUnit4ClassRunner.java:57)
	at org.junit.runners.ParentRunner$3.run(ParentRunner.java:290)
	at org.junit.runners.ParentRunner$1.schedule(ParentRunner.java:71)
	at org.junit.runners.ParentRunner.runChildren(ParentRunner.java:288)
	at org.junit.runners.ParentRunner.access$000(ParentRunner.java:58)
	at org.junit.runners.ParentRunner$2.evaluate(ParentRunner.java:268)
	at org.junit.runners.ParentRunner.run(ParentRunner.java:363)
	at org.junit.runner.JUnitCore.run(JUnitCore.java:137)
	at org.junit.runner.JUnitCore.run(JUnitCore.java:115)
... Removed 27 stack frames]]>
    </failure>
  </testcase> <!-- testGetElementByIndex on testGetElementByIndex(com.mycompany.deviceconvertor.CurrencyConvertorTest) -->
  <testcase classname="com.mycompany.deviceconvertor.CurrencyConvertorTest" name="testDisplayresult on testDisplayresult(com.mycompany.deviceconvertor.CurrencyConvertorTest)" time="0.0"/>
  <testcase classname="com.mycompany.deviceconvertor.CurrencyConvertorTest" name="testPerformDeletion on testPerformDeletion(com.mycompany.deviceconvertor.CurrencyConvertorTest)" time="0.001">
    <failure type="java.io.IOException" message="Cette formule n&amp;apos;existe pas">
      <![CDATA[java.io.IOException: Cette formule n'existe pas
	at com.mycompany.deviceconvertor.CurrencyConvertorTest.testPerformDeletion(CurrencyConvertorTest.java:115)
	at org.junit.runners.model.FrameworkMethod$1.runReflectiveCall(FrameworkMethod.java:50)
	at org.junit.internal.runners.model.ReflectiveCallable.run(ReflectiveCallable.java:12)
	at org.junit.runners.model.FrameworkMethod.invokeExplosively(FrameworkMethod.java:47)
	at org.junit.internal.runners.statements.InvokeMethod.evaluate(InvokeMethod.java:17)
	at org.junit.runners.ParentRunner.runLeaf(ParentRunner.java:325)
	at org.junit.runners.BlockJUnit4ClassRunner.runChild(BlockJUnit4ClassRunner.java:78)
	at org.junit.runners.BlockJUnit4ClassRunner.runChild(BlockJUnit4ClassRunner.java:57)
	at org.junit.runners.ParentRunner$3.run(ParentRunner.java:290)
	at org.junit.runners.ParentRunner$1.schedule(ParentRunner.java:71)
	at org.junit.runners.ParentRunner.runChildren(ParentRunner.java:288)
	at org.junit.runners.ParentRunner.access$000(ParentRunner.java:58)
	at org.junit.runners.ParentRunner$2.evaluate(ParentRunner.java:268)
	at org.junit.runners.ParentRunner.run(ParentRunner.java:363)
	at org.junit.runner.JUnitCore.run(JUnitCore.java:137)
	at org.junit.runner.JUnitCore.run(JUnitCore.java:115)
... Removed 27 stack frames]]>
    </failure>
  </testcase> <!-- testPerformDeletion on testPerformDeletion(com.mycompany.deviceconvertor.CurrencyConvertorTest) -->
</testsuite> <!-- Surefire test -->
