<?xml version="1.0" encoding="UTF-8"?>
<testsuite xmlns:xsi="http://www.w3.org/2001/XMLSchema-instance" xsi:noNamespaceSchemaLocation="https://maven.apache.org/surefire/maven-surefire-plugin/xsd/surefire-test-report.xsd" name="com.mycompany.deviceconvertor.CurrencyConvertorTest" time="0.896" tests="7" errors="0" skipped="0" failures="2">
  <properties>
[...]
</properties>
  <testcase name="testDisplayFormulasList on testDisplayFormulasList(com.mycompany.deviceconvertor.CurrencyConvertorTest)" classname="com.mycompany.deviceconvertor.CurrencyConvertorTest" time="0.001"/>
  <testcase name="testDisplayFormulasMenu on testDisplayFormulasMenu(com.mycompany.deviceconvertor.CurrencyConvertorTest)" classname="com.mycompany.deviceconvertor.CurrencyConvertorTest" time="0"/>
  <testcase name="testSaveFormula on testSaveFormula(com.mycompany.deviceconvertor.CurrencyConvertorTest)" classname="com.mycompany.deviceconvertor.CurrencyConvertorTest" time="0.292"/>
  <testcase name="testPerformConversion on testPerformConversion(com.mycompany.deviceconvertor.CurrencyConvertorTest)" classname="com.mycompany.deviceconvertor.CurrencyConvertorTest" time="0.002"/>
  <testcase name="testGetElementByIndex on testGetElementByIndex(com.mycompany.deviceconvertor.CurrencyConvertorTest)" classname="com.mycompany.deviceconvertor.CurrencyConvertorTest" time="0.008">
    <failure message="Cette formule n&apos;existe pas" type="java.io.IOException">java.io.IOException: Cette formule n'existe pas
	at com.mycompany.deviceconvertor.CurrencyConvertorTest.testGetElementByIndex(CurrencyConvertorTest.java:135)
</failure>
  </testcase>
  <testcase name="testDisplayresult on testDisplayresult(com.mycompany.deviceconvertor.CurrencyConvertorTest)" classname="com.mycompany.deviceconvertor.CurrencyConvertorTest" time="0"/>
  <testcase name="testPerformDeletion on testPerformDeletion(com.mycompany.deviceconvertor.CurrencyConvertorTest)" classname="com.mycompany.deviceconvertor.CurrencyConvertorTest" time="0.001">
    <failure message="Cette formule n&apos;existe pas" type="java.io.IOException">java.io.IOException: Cette formule n'existe pas
	at com.mycompany.deviceconvertor.CurrencyConvertorTest.testPerformDeletion(CurrencyConvertorTest.java:115)
</failure>
  </testcase>
</testsuite>